0 info it worked if it ends with ok
1 verbose cli [ 'C:\\Program Files\\nodejs\\node.exe',
1 verbose cli   'C:\\Program Files\\nodejs\\node_modules\\npm\\bin\\npm-cli.js',
1 verbose cli   'start' ]
2 info using npm@3.3.12
3 info using node@v5.5.0
4 verbose run-script [ 'prestart', 'start', 'poststart' ]
5 info lifecycle front-end@0.0.0~prestart: front-end@0.0.0
6 silly lifecycle front-end@0.0.0~prestart: no script for prestart, continuing
7 info lifecycle front-end@0.0.0~start: front-end@0.0.0
8 verbose lifecycle front-end@0.0.0~start: unsafe-perm in lifecycle true
9 verbose lifecycle front-end@0.0.0~start: PATH: C:\Users\ASUS\AppData\Roaming\nvm\v5.5.0\node_modules\npm\bin\node-gyp-bin;D:\Repoes\musicq\dist\www\node_modules\.bin;C:\Windows\system32;C:\Windows;C:\Windows\System32\Wbem;C:\Windows\System32\WindowsPowerShell\v1.0\;C:\Program Files (x86)\NVIDIA Corporation\PhysX\Common;C:\WINDOWS\system32;C:\WINDOWS;C:\WINDOWS\System32\Wbem;C:\WINDOWS\System32\WindowsPowerShell\v1.0\;C:\Program Files (x86)\QuickTime\QTSystem\;C:\Program Files (x86)\Skype\Phone\;C:\Users\ASUS\AppData\Roaming\nvm;C:\Program Files\nodejs;C:\WINDOWS\System32\OpenSSH\;C:\Ruby22-x64\bin;C:\python27;C:\Users\ASUS\AppData\Roaming\nvm;C:\Program Files\nodejs;C:\Users\ASUS\AppData\Local\.meteor\;C:\Users\ASUS\AppData\Local\Microsoft\WindowsApps;;C:\Program Files\Microsoft VS Code\bin
10 verbose lifecycle front-end@0.0.0~start: CWD: D:\Repoes\musicq\dist\www
11 silly lifecycle front-end@0.0.0~start: Args: [ '/d /s /c', 'ng serve' ]
12 silly lifecycle front-end@0.0.0~start: Returned: code: 1  signal: null
13 info lifecycle front-end@0.0.0~start: Failed to exec start script
14 verbose stack Error: front-end@0.0.0 start: `ng serve`
14 verbose stack Exit status 1
14 verbose stack     at EventEmitter.<anonymous> (C:\Users\ASUS\AppData\Roaming\nvm\v5.5.0\node_modules\npm\lib\utils\lifecycle.js:232:16)
14 verbose stack     at emitTwo (events.js:100:13)
14 verbose stack     at EventEmitter.emit (events.js:185:7)
14 verbose stack     at ChildProcess.<anonymous> (C:\Users\ASUS\AppData\Roaming\nvm\v5.5.0\node_modules\npm\lib\utils\spawn.js:24:14)
14 verbose stack     at emitTwo (events.js:100:13)
14 verbose stack     at ChildProcess.emit (events.js:185:7)
14 verbose stack     at maybeClose (internal/child_process.js:821:16)
14 verbose stack     at Process.ChildProcess._handle.onexit (internal/child_process.js:211:5)
15 verbose pkgid front-end@0.0.0
16 verbose cwd D:\Repoes\musicq\dist\www
17 error Windows_NT 10.0.17134
18 error argv "C:\\Program Files\\nodejs\\node.exe" "C:\\Program Files\\nodejs\\node_modules\\npm\\bin\\npm-cli.js" "start"
19 error node v5.5.0
20 error npm  v3.3.12
21 error code ELIFECYCLE
22 error front-end@0.0.0 start: `ng serve`
22 error Exit status 1
23 error Failed at the front-end@0.0.0 start script 'ng serve'.
23 error Make sure you have the latest version of node.js and npm installed.
23 error If you do, this is most likely a problem with the front-end package,
23 error not with npm itself.
23 error Tell the author that this fails on your system:
23 error     ng serve
23 error You can get their info via:
23 error     npm owner ls front-end
23 error There is likely additional logging output above.
24 verbose exit [ 1, true ]
